<?xml version="1.0" encoding="UTF-8"?>
<robot generator="Robot 7.0 (Python 3.12.3 on win32)" generated="2024-06-04T02:40:18.746281" rpa="false" schemaversion="5">
<suite id="s1" name="LoginTest" source="C:\Development\robot-scripts\Automation\TestCases\LoginTest.robot">
<test id="s1-t1" name="LoginTest" line="12">
<kw name="Browser Open">
<msg time="2024-06-04T02:40:18.941196" level="FAIL">No keyword with name 'Browser Open' found.</msg>
<arg>${SiteURL}</arg>
<arg>${Browser}</arg>
<status status="FAIL" start="2024-06-04T02:40:18.941196" elapsed="0.000000">No keyword with name 'Browser Open' found.</status>
</kw>
<kw name="Enter UserName">
<arg>${user}</arg>
<status status="NOT RUN" start="2024-06-04T02:40:18.943194" elapsed="0.000144"/>
</kw>
<kw name="Enter Password">
<arg>${pwd}</arg>
<status status="NOT RUN" start="2024-06-04T02:40:18.944160" elapsed="0.000000"/>
</kw>
<kw name="Click SignIn">
<status status="NOT RUN" start="2024-06-04T02:40:18.946160" elapsed="0.000000"/>
</kw>
<kw name="Sleep" owner="BuiltIn">
<arg>3s</arg>
<doc>Pauses the test executed for the given time.</doc>
<status status="NOT RUN" start="2024-06-04T02:40:18.947160" elapsed="0.000000"/>
</kw>
<kw name="Verify Successful Login">
<status status="NOT RUN" start="2024-06-04T02:40:18.949159" elapsed="0.000000"/>
</kw>
<kw name="Close My Browsers">
<status status="NOT RUN" start="2024-06-04T02:40:18.950160" elapsed="0.000000"/>
</kw>
<status status="FAIL" start="2024-06-04T02:40:18.939304" elapsed="0.011855">No keyword with name 'Browser Open' found.</status>
</test>
<status status="FAIL" start="2024-06-04T02:40:18.747163" elapsed="0.205016"/>
</suite>
<statistics>
<total>
<stat pass="0" fail="1" skip="0">All Tests</stat>
</total>
<tag>
</tag>
<suite>
<stat pass="0" fail="1" skip="0" id="s1" name="LoginTest">LoginTest</stat>
</suite>
</statistics>
<errors>
<msg time="2024-06-04T02:40:18.937184" level="ERROR">Error in file 'C:\Development\robot-scripts\Automation\TestCases\LoginTest.robot' on line 3: Resource file 'C:Developmentobot-scriptsAutomationResourcesLoginKeyWords.robot' does not exist.</msg>
</errors>
</robot>
