<?xml version="1.0" encoding="UTF-8"?>
<robot generator="Robot 7.0 (Python 3.12.3 on win32)" generated="2024-06-04T02:32:34.702554" rpa="false" schemaversion="5">
<suite id="s1" name="LoginTest" source="C:\Development\robot-scripts\Automation\TestCases\LoginTest.robot">
<test id="s1-t1" name="LoginTest" line="13">
<kw name="Open My Browser">
<msg time="2024-06-04T02:32:35.846884" level="FAIL">No keyword with name 'Open My Browser' found. Did you mean:
    SeleniumLibrary.Open Browser</msg>
<arg>${SiteURL}</arg>
<arg>${Browser}</arg>
<status status="FAIL" start="2024-06-04T02:32:35.846884" elapsed="0.000000">No keyword with name 'Open My Browser' found. Did you mean:
    SeleniumLibrary.Open Browser</status>
</kw>
<kw name="Enter UserName">
<arg>${user}</arg>
<status status="NOT RUN" start="2024-06-04T02:32:35.848897" elapsed="0.000582"/>
</kw>
<kw name="Enter Password">
<arg>${pwd}</arg>
<status status="NOT RUN" start="2024-06-04T02:32:35.850848" elapsed="0.000000"/>
</kw>
<kw name="Click SignIn">
<status status="NOT RUN" start="2024-06-04T02:32:35.852847" elapsed="0.000000"/>
</kw>
<kw name="Sleep" owner="BuiltIn">
<arg>3s</arg>
<doc>Pauses the test executed for the given time.</doc>
<status status="NOT RUN" start="2024-06-04T02:32:35.853243" elapsed="0.000000"/>
</kw>
<kw name="Verify Successful Login">
<status status="NOT RUN" start="2024-06-04T02:32:35.854848" elapsed="0.000000"/>
</kw>
<kw name="Close My browsers">
<status status="NOT RUN" start="2024-06-04T02:32:35.856848" elapsed="0.000000"/>
</kw>
<status status="FAIL" start="2024-06-04T02:32:35.844847" elapsed="0.012416">No keyword with name 'Open My Browser' found. Did you mean:
    SeleniumLibrary.Open Browser</status>
</test>
<status status="FAIL" start="2024-06-04T02:32:34.705287" elapsed="1.153579"/>
</suite>
<statistics>
<total>
<stat pass="0" fail="1" skip="0">All Tests</stat>
</total>
<tag>
</tag>
<suite>
<stat pass="0" fail="1" skip="0" id="s1" name="LoginTest">LoginTest</stat>
</suite>
</statistics>
<errors>
<msg time="2024-06-04T02:32:35.842847" level="ERROR">Error in file 'C:\Development\robot-scripts\Automation\TestCases\LoginTest.robot' on line 3: Resource file 'C:Developmentobot-scriptsAutomationResourcesLoginKeyWords.robot' does not exist.</msg>
</errors>
</robot>
